Internal Server Error: /
Traceback (most recent call last):
  File "C:\Users\13171\anaconda3\lib\site-packages\django\core\handlers\exception.py", line 35, in inner
    response = get_response(request)
  File "C:\Users\13171\anaconda3\lib\site-packages\django\core\handlers\base.py", line 128, in _get_response
    response = self.process_exception_by_middleware(e, request)
  File "C:\Users\13171\anaconda3\lib\site-packages\django\core\handlers\base.py", line 126, in _get_response
    response = wrapped_callback(request, *callback_args, **callback_kwargs)
  File "C:\Users\13171\django_news\news\views.py", line 19, in index
    return render(request, 'news/index.html', context=context)
  File "C:\Users\13171\anaconda3\lib\site-packages\django\shortcuts.py", line 36, in render
    content = loader.render_to_string(template_name, context, request, using=using)
  File "C:\Users\13171\anaconda3\lib\site-packages\django\template\loader.py", line 62, in render_to_string
    return template.render(context, request)
  File "C:\Users\13171\anaconda3\lib\site-packages\django\template\backends\django.py", line 61, in render
    return self.template.render(context)
  File "C:\Users\13171\anaconda3\lib\site-packages\django\template\base.py", line 175, in render
    return self._render(context)
  File "C:\Users\13171\anaconda3\lib\site-packages\django\template\base.py", line 167, in _render
    return self.nodelist.render(context)
  File "C:\Users\13171\anaconda3\lib\site-packages\django\template\base.py", line 943, in render
    bit = node.render_annotated(context)
  File "C:\Users\13171\anaconda3\lib\site-packages\django\template\base.py", line 910, in render_annotated
    return self.render(context)
  File "C:\Users\13171\anaconda3\lib\site-packages\django\template\loader_tags.py", line 182, in render
    template = context.template.engine.get_template(template_name)
  File "C:\Users\13171\anaconda3\lib\site-packages\django\template\engine.py", line 144, in get_template
    template, origin = self.find_template(template_name)
  File "C:\Users\13171\anaconda3\lib\site-packages\django\template\engine.py", line 126, in find_template
    template = loader.get_template(name, skip=skip)
  File "C:\Users\13171\anaconda3\lib\site-packages\django\template\loaders\base.py", line 29, in get_template
    return Template(
  File "C:\Users\13171\anaconda3\lib\site-packages\django\template\base.py", line 160, in __init__
    self.nodelist = self.compile_nodelist()
  File "C:\Users\13171\anaconda3\lib\site-packages\django\template\base.py", line 198, in compile_nodelist
    return parser.parse()
  File "C:\Users\13171\anaconda3\lib\site-packages\django\template\base.py", line 483, in parse
    raise self.error(token, e)
  File "C:\Users\13171\anaconda3\lib\site-packages\django\template\base.py", line 481, in parse
    compiled_result = compile_func(self, token)
  File "C:\Users\13171\anaconda3\lib\site-packages\django\template\defaulttags.py", line 815, in do_for
    nodelist_loop = parser.parse(('empty', 'endfor',))
  File "C:\Users\13171\anaconda3\lib\site-packages\django\template\base.py", line 483, in parse
    raise self.error(token, e)
  File "C:\Users\13171\anaconda3\lib\site-packages\django\template\base.py", line 481, in parse
    compiled_result = compile_func(self, token)
  File "C:\Users\13171\anaconda3\lib\site-packages\django\template\defaulttags.py", line 1470, in do_with
    extra_context = token_kwargs(remaining_bits, parser, support_legacy=True)
  File "C:\Users\13171\anaconda3\lib\site-packages\django\template\base.py", line 1045, in token_kwargs
    kwargs[key] = parser.compile_filter(value)
  File "C:\Users\13171\anaconda3\lib\site-packages\django\template\base.py", line 568, in compile_filter
    return FilterExpression(token, self)
  File "C:\Users\13171\anaconda3\lib\site-packages\django\template\base.py", line 662, in __init__
    filter_func = parser.find_filter(filter_name)
  File "C:\Users\13171\anaconda3\lib\site-packages\django\template\base.py", line 574, in find_filter
    raise TemplateSyntaxError("Invalid filter: '%s'" % filter_name)
django.template.exceptions.TemplateSyntaxError: Invalid filter: 'filecontent'
Internal Server Error: /
Traceback (most recent call last):
  File "C:\Users\13171\anaconda3\lib\site-packages\django\core\handlers\exception.py", line 35, in inner
    response = get_response(request)
  File "C:\Users\13171\anaconda3\lib\site-packages\django\core\handlers\base.py", line 128, in _get_response
    response = self.process_exception_by_middleware(e, request)
  File "C:\Users\13171\anaconda3\lib\site-packages\django\core\handlers\base.py", line 126, in _get_response
    response = wrapped_callback(request, *callback_args, **callback_kwargs)
  File "C:\Users\13171\django_news\news\views.py", line 19, in index
    return render(request, 'news/index.html', context=context)
  File "C:\Users\13171\anaconda3\lib\site-packages\django\shortcuts.py", line 36, in render
    content = loader.render_to_string(template_name, context, request, using=using)
  File "C:\Users\13171\anaconda3\lib\site-packages\django\template\loader.py", line 62, in render_to_string
    return template.render(context, request)
  File "C:\Users\13171\anaconda3\lib\site-packages\django\template\backends\django.py", line 61, in render
    return self.template.render(context)
  File "C:\Users\13171\anaconda3\lib\site-packages\django\template\base.py", line 175, in render
    return self._render(context)
  File "C:\Users\13171\anaconda3\lib\site-packages\django\template\base.py", line 167, in _render
    return self.nodelist.render(context)
  File "C:\Users\13171\anaconda3\lib\site-packages\django\template\base.py", line 943, in render
    bit = node.render_annotated(context)
  File "C:\Users\13171\anaconda3\lib\site-packages\django\template\base.py", line 910, in render_annotated
    return self.render(context)
  File "C:\Users\13171\anaconda3\lib\site-packages\django\template\loader_tags.py", line 182, in render
    template = context.template.engine.get_template(template_name)
  File "C:\Users\13171\anaconda3\lib\site-packages\django\template\engine.py", line 144, in get_template
    template, origin = self.find_template(template_name)
  File "C:\Users\13171\anaconda3\lib\site-packages\django\template\engine.py", line 126, in find_template
    template = loader.get_template(name, skip=skip)
  File "C:\Users\13171\anaconda3\lib\site-packages\django\template\loaders\base.py", line 29, in get_template
    return Template(
  File "C:\Users\13171\anaconda3\lib\site-packages\django\template\base.py", line 160, in __init__
    self.nodelist = self.compile_nodelist()
  File "C:\Users\13171\anaconda3\lib\site-packages\django\template\base.py", line 198, in compile_nodelist
    return parser.parse()
  File "C:\Users\13171\anaconda3\lib\site-packages\django\template\base.py", line 483, in parse
    raise self.error(token, e)
  File "C:\Users\13171\anaconda3\lib\site-packages\django\template\base.py", line 481, in parse
    compiled_result = compile_func(self, token)
  File "C:\Users\13171\anaconda3\lib\site-packages\django\template\defaulttags.py", line 815, in do_for
    nodelist_loop = parser.parse(('empty', 'endfor',))
  File "C:\Users\13171\anaconda3\lib\site-packages\django\template\base.py", line 483, in parse
    raise self.error(token, e)
  File "C:\Users\13171\anaconda3\lib\site-packages\django\template\base.py", line 481, in parse
    compiled_result = compile_func(self, token)
  File "C:\Users\13171\anaconda3\lib\site-packages\django\template\defaulttags.py", line 1470, in do_with
    extra_context = token_kwargs(remaining_bits, parser, support_legacy=True)
  File "C:\Users\13171\anaconda3\lib\site-packages\django\template\base.py", line 1045, in token_kwargs
    kwargs[key] = parser.compile_filter(value)
  File "C:\Users\13171\anaconda3\lib\site-packages\django\template\base.py", line 568, in compile_filter
    return FilterExpression(token, self)
  File "C:\Users\13171\anaconda3\lib\site-packages\django\template\base.py", line 662, in __init__
    filter_func = parser.find_filter(filter_name)
  File "C:\Users\13171\anaconda3\lib\site-packages\django\template\base.py", line 574, in find_filter
    raise TemplateSyntaxError("Invalid filter: '%s'" % filter_name)
django.template.exceptions.TemplateSyntaxError: Invalid filter: 'filecontent'
Internal Server Error: /
Traceback (most recent call last):
  File "C:\Users\13171\anaconda3\lib\site-packages\django\template\backends\django.py", line 61, in render
    return self.template.render(context)
  File "C:\Users\13171\anaconda3\lib\site-packages\django\template\base.py", line 175, in render
    return self._render(context)
  File "C:\Users\13171\anaconda3\lib\site-packages\django\template\base.py", line 167, in _render
    return self.nodelist.render(context)
  File "C:\Users\13171\anaconda3\lib\site-packages\django\template\base.py", line 943, in render
    bit = node.render_annotated(context)
  File "C:\Users\13171\anaconda3\lib\site-packages\django\template\base.py", line 910, in render_annotated
    return self.render(context)
  File "C:\Users\13171\anaconda3\lib\site-packages\django\template\loader_tags.py", line 182, in render
    template = context.template.engine.get_template(template_name)
  File "C:\Users\13171\anaconda3\lib\site-packages\django\template\engine.py", line 144, in get_template
    template, origin = self.find_template(template_name)
  File "C:\Users\13171\anaconda3\lib\site-packages\django\template\engine.py", line 130, in find_template
    raise TemplateDoesNotExist(name, tried=tried)
django.template.exceptions.TemplateDoesNotExist: news/file_list.html

The above exception was the direct cause of the following exception:

Traceback (most recent call last):
  File "C:\Users\13171\anaconda3\lib\site-packages\django\core\handlers\exception.py", line 35, in inner
    response = get_response(request)
  File "C:\Users\13171\anaconda3\lib\site-packages\django\core\handlers\base.py", line 128, in _get_response
    response = self.process_exception_by_middleware(e, request)
  File "C:\Users\13171\anaconda3\lib\site-packages\django\core\handlers\base.py", line 126, in _get_response
    response = wrapped_callback(request, *callback_args, **callback_kwargs)
  File "C:\Users\13171\django_news\news\views.py", line 19, in index
    return render(request, 'news/index.html', context=context)
  File "C:\Users\13171\anaconda3\lib\site-packages\django\shortcuts.py", line 36, in render
    content = loader.render_to_string(template_name, context, request, using=using)
  File "C:\Users\13171\anaconda3\lib\site-packages\django\template\loader.py", line 62, in render_to_string
    return template.render(context, request)
  File "C:\Users\13171\anaconda3\lib\site-packages\django\template\backends\django.py", line 63, in render
    reraise(exc, self.backend)
  File "C:\Users\13171\anaconda3\lib\site-packages\django\template\backends\django.py", line 84, in reraise
    raise new from exc
django.template.exceptions.TemplateDoesNotExist: news/file_list.html
Internal Server Error: /
Traceback (most recent call last):
  File "C:\Users\13171\anaconda3\lib\site-packages\django\template\backends\django.py", line 61, in render
    return self.template.render(context)
  File "C:\Users\13171\anaconda3\lib\site-packages\django\template\base.py", line 175, in render
    return self._render(context)
  File "C:\Users\13171\anaconda3\lib\site-packages\django\template\base.py", line 167, in _render
    return self.nodelist.render(context)
  File "C:\Users\13171\anaconda3\lib\site-packages\django\template\base.py", line 943, in render
    bit = node.render_annotated(context)
  File "C:\Users\13171\anaconda3\lib\site-packages\django\template\base.py", line 910, in render_annotated
    return self.render(context)
  File "C:\Users\13171\anaconda3\lib\site-packages\django\template\loader_tags.py", line 182, in render
    template = context.template.engine.get_template(template_name)
  File "C:\Users\13171\anaconda3\lib\site-packages\django\template\engine.py", line 144, in get_template
    template, origin = self.find_template(template_name)
  File "C:\Users\13171\anaconda3\lib\site-packages\django\template\engine.py", line 130, in find_template
    raise TemplateDoesNotExist(name, tried=tried)
django.template.exceptions.TemplateDoesNotExist: news/file_list.html

The above exception was the direct cause of the following exception:

Traceback (most recent call last):
  File "C:\Users\13171\anaconda3\lib\site-packages\django\core\handlers\exception.py", line 35, in inner
    response = get_response(request)
  File "C:\Users\13171\anaconda3\lib\site-packages\django\core\handlers\base.py", line 128, in _get_response
    response = self.process_exception_by_middleware(e, request)
  File "C:\Users\13171\anaconda3\lib\site-packages\django\core\handlers\base.py", line 126, in _get_response
    response = wrapped_callback(request, *callback_args, **callback_kwargs)
  File "C:\Users\13171\django_news\news\views.py", line 19, in index
    return render(request, 'news/index.html', context=context)
  File "C:\Users\13171\anaconda3\lib\site-packages\django\shortcuts.py", line 36, in render
    content = loader.render_to_string(template_name, context, request, using=using)
  File "C:\Users\13171\anaconda3\lib\site-packages\django\template\loader.py", line 62, in render_to_string
    return template.render(context, request)
  File "C:\Users\13171\anaconda3\lib\site-packages\django\template\backends\django.py", line 63, in render
    reraise(exc, self.backend)
  File "C:\Users\13171\anaconda3\lib\site-packages\django\template\backends\django.py", line 84, in reraise
    raise new from exc
django.template.exceptions.TemplateDoesNotExist: news/file_list.html
Internal Server Error: /
Traceback (most recent call last):
  File "C:\Users\13171\anaconda3\lib\site-packages\django\template\backends\django.py", line 61, in render
    return self.template.render(context)
  File "C:\Users\13171\anaconda3\lib\site-packages\django\template\base.py", line 175, in render
    return self._render(context)
  File "C:\Users\13171\anaconda3\lib\site-packages\django\template\base.py", line 167, in _render
    return self.nodelist.render(context)
  File "C:\Users\13171\anaconda3\lib\site-packages\django\template\base.py", line 943, in render
    bit = node.render_annotated(context)
  File "C:\Users\13171\anaconda3\lib\site-packages\django\template\base.py", line 910, in render_annotated
    return self.render(context)
  File "C:\Users\13171\anaconda3\lib\site-packages\django\template\loader_tags.py", line 182, in render
    template = context.template.engine.get_template(template_name)
  File "C:\Users\13171\anaconda3\lib\site-packages\django\template\engine.py", line 144, in get_template
    template, origin = self.find_template(template_name)
  File "C:\Users\13171\anaconda3\lib\site-packages\django\template\engine.py", line 130, in find_template
    raise TemplateDoesNotExist(name, tried=tried)
django.template.exceptions.TemplateDoesNotExist: news/file_list.html

The above exception was the direct cause of the following exception:

Traceback (most recent call last):
  File "C:\Users\13171\anaconda3\lib\site-packages\django\core\handlers\exception.py", line 35, in inner
    response = get_response(request)
  File "C:\Users\13171\anaconda3\lib\site-packages\django\core\handlers\base.py", line 128, in _get_response
    response = self.process_exception_by_middleware(e, request)
  File "C:\Users\13171\anaconda3\lib\site-packages\django\core\handlers\base.py", line 126, in _get_response
    response = wrapped_callback(request, *callback_args, **callback_kwargs)
  File "C:\Users\13171\django_news\news\views.py", line 19, in index
    return render(request, 'news/index.html', context=context)
  File "C:\Users\13171\anaconda3\lib\site-packages\django\shortcuts.py", line 36, in render
    content = loader.render_to_string(template_name, context, request, using=using)
  File "C:\Users\13171\anaconda3\lib\site-packages\django\template\loader.py", line 62, in render_to_string
    return template.render(context, request)
  File "C:\Users\13171\anaconda3\lib\site-packages\django\template\backends\django.py", line 63, in render
    reraise(exc, self.backend)
  File "C:\Users\13171\anaconda3\lib\site-packages\django\template\backends\django.py", line 84, in reraise
    raise new from exc
django.template.exceptions.TemplateDoesNotExist: news/file_list.html
Internal Server Error: /
Traceback (most recent call last):
  File "C:\Users\13171\anaconda3\lib\site-packages\django\template\backends\django.py", line 61, in render
    return self.template.render(context)
  File "C:\Users\13171\anaconda3\lib\site-packages\django\template\base.py", line 175, in render
    return self._render(context)
  File "C:\Users\13171\anaconda3\lib\site-packages\django\template\base.py", line 167, in _render
    return self.nodelist.render(context)
  File "C:\Users\13171\anaconda3\lib\site-packages\django\template\base.py", line 943, in render
    bit = node.render_annotated(context)
  File "C:\Users\13171\anaconda3\lib\site-packages\django\template\base.py", line 910, in render_annotated
    return self.render(context)
  File "C:\Users\13171\anaconda3\lib\site-packages\django\template\loader_tags.py", line 182, in render
    template = context.template.engine.get_template(template_name)
  File "C:\Users\13171\anaconda3\lib\site-packages\django\template\engine.py", line 144, in get_template
    template, origin = self.find_template(template_name)
  File "C:\Users\13171\anaconda3\lib\site-packages\django\template\engine.py", line 130, in find_template
    raise TemplateDoesNotExist(name, tried=tried)
django.template.exceptions.TemplateDoesNotExist: news/file_list.html

The above exception was the direct cause of the following exception:

Traceback (most recent call last):
  File "C:\Users\13171\anaconda3\lib\site-packages\django\core\handlers\exception.py", line 35, in inner
    response = get_response(request)
  File "C:\Users\13171\anaconda3\lib\site-packages\django\core\handlers\base.py", line 128, in _get_response
    response = self.process_exception_by_middleware(e, request)
  File "C:\Users\13171\anaconda3\lib\site-packages\django\core\handlers\base.py", line 126, in _get_response
    response = wrapped_callback(request, *callback_args, **callback_kwargs)
  File "C:\Users\13171\django_news\news\views.py", line 22, in index
    return render(request, 'news/index.html', context=context)
  File "C:\Users\13171\anaconda3\lib\site-packages\django\shortcuts.py", line 36, in render
    content = loader.render_to_string(template_name, context, request, using=using)
  File "C:\Users\13171\anaconda3\lib\site-packages\django\template\loader.py", line 62, in render_to_string
    return template.render(context, request)
  File "C:\Users\13171\anaconda3\lib\site-packages\django\template\backends\django.py", line 63, in render
    reraise(exc, self.backend)
  File "C:\Users\13171\anaconda3\lib\site-packages\django\template\backends\django.py", line 84, in reraise
    raise new from exc
django.template.exceptions.TemplateDoesNotExist: news/file_list.html
Internal Server Error: /
Traceback (most recent call last):
  File "C:\Users\13171\anaconda3\lib\site-packages\django\template\backends\django.py", line 61, in render
    return self.template.render(context)
  File "C:\Users\13171\anaconda3\lib\site-packages\django\template\base.py", line 175, in render
    return self._render(context)
  File "C:\Users\13171\anaconda3\lib\site-packages\django\template\base.py", line 167, in _render
    return self.nodelist.render(context)
  File "C:\Users\13171\anaconda3\lib\site-packages\django\template\base.py", line 943, in render
    bit = node.render_annotated(context)
  File "C:\Users\13171\anaconda3\lib\site-packages\django\template\base.py", line 910, in render_annotated
    return self.render(context)
  File "C:\Users\13171\anaconda3\lib\site-packages\django\template\loader_tags.py", line 182, in render
    template = context.template.engine.get_template(template_name)
  File "C:\Users\13171\anaconda3\lib\site-packages\django\template\engine.py", line 144, in get_template
    template, origin = self.find_template(template_name)
  File "C:\Users\13171\anaconda3\lib\site-packages\django\template\engine.py", line 130, in find_template
    raise TemplateDoesNotExist(name, tried=tried)
django.template.exceptions.TemplateDoesNotExist: news/file_list.html

The above exception was the direct cause of the following exception:

Traceback (most recent call last):
  File "C:\Users\13171\anaconda3\lib\site-packages\django\core\handlers\exception.py", line 35, in inner
    response = get_response(request)
  File "C:\Users\13171\anaconda3\lib\site-packages\django\core\handlers\base.py", line 128, in _get_response
    response = self.process_exception_by_middleware(e, request)
  File "C:\Users\13171\anaconda3\lib\site-packages\django\core\handlers\base.py", line 126, in _get_response
    response = wrapped_callback(request, *callback_args, **callback_kwargs)
  File "C:\Users\13171\django_news\news\views.py", line 22, in index
    return render(request, 'news/index.html', context=context)
  File "C:\Users\13171\anaconda3\lib\site-packages\django\shortcuts.py", line 36, in render
    content = loader.render_to_string(template_name, context, request, using=using)
  File "C:\Users\13171\anaconda3\lib\site-packages\django\template\loader.py", line 62, in render_to_string
    return template.render(context, request)
  File "C:\Users\13171\anaconda3\lib\site-packages\django\template\backends\django.py", line 63, in render
    reraise(exc, self.backend)
  File "C:\Users\13171\anaconda3\lib\site-packages\django\template\backends\django.py", line 84, in reraise
    raise new from exc
django.template.exceptions.TemplateDoesNotExist: news/file_list.html
Not Found: /my_view/
Internal Server Error: /my_view_url/
Traceback (most recent call last):
  File "C:\Users\13171\anaconda3\lib\site-packages\django\core\handlers\exception.py", line 35, in inner
    response = get_response(request)
  File "C:\Users\13171\anaconda3\lib\site-packages\django\core\handlers\base.py", line 128, in _get_response
    response = self.process_exception_by_middleware(e, request)
  File "C:\Users\13171\anaconda3\lib\site-packages\django\core\handlers\base.py", line 126, in _get_response
    response = wrapped_callback(request, *callback_args, **callback_kwargs)
  File "C:\Users\13171\anaconda3\lib\site-packages\django\views\decorators\csrf.py", line 54, in wrapped_view
    return view_func(*args, **kwargs)
  File "C:\Users\13171\anaconda3\lib\site-packages\django\views\decorators\csrf.py", line 54, in wrapped_view
    return view_func(*args, **kwargs)
  File "C:\Users\13171\django_news\news\views.py", line 25, in my_view
    for file_name in os.listdir(xml_dir):
FileNotFoundError: [WinError 3] 系统找不到指定的路径。: 'G:\\Desktop\\django_news\\xml_data'
Internal Server Error: /my_view_url/
Traceback (most recent call last):
  File "C:\Users\13171\anaconda3\lib\site-packages\django\core\handlers\exception.py", line 35, in inner
    response = get_response(request)
  File "C:\Users\13171\anaconda3\lib\site-packages\django\core\handlers\base.py", line 128, in _get_response
    response = self.process_exception_by_middleware(e, request)
  File "C:\Users\13171\anaconda3\lib\site-packages\django\core\handlers\base.py", line 126, in _get_response
    response = wrapped_callback(request, *callback_args, **callback_kwargs)
  File "C:\Users\13171\anaconda3\lib\site-packages\django\views\decorators\csrf.py", line 54, in wrapped_view
    return view_func(*args, **kwargs)
  File "C:\Users\13171\anaconda3\lib\site-packages\django\views\decorators\csrf.py", line 54, in wrapped_view
    return view_func(*args, **kwargs)
  File "C:\Users\13171\django_news\news\views.py", line 25, in my_view
    for file_name in os.listdir(xml_dir):
FileNotFoundError: [WinError 3] 系统找不到指定的路径。: 'G:\\Desktop\\django_news\\xml_data'
Internal Server Error: /my_view_url/
Traceback (most recent call last):
  File "C:\Users\13171\anaconda3\lib\site-packages\django\core\handlers\exception.py", line 35, in inner
    response = get_response(request)
  File "C:\Users\13171\anaconda3\lib\site-packages\django\core\handlers\base.py", line 128, in _get_response
    response = self.process_exception_by_middleware(e, request)
  File "C:\Users\13171\anaconda3\lib\site-packages\django\core\handlers\base.py", line 126, in _get_response
    response = wrapped_callback(request, *callback_args, **callback_kwargs)
  File "C:\Users\13171\anaconda3\lib\site-packages\django\views\decorators\csrf.py", line 54, in wrapped_view
    return view_func(*args, **kwargs)
  File "C:\Users\13171\anaconda3\lib\site-packages\django\views\decorators\csrf.py", line 54, in wrapped_view
    return view_func(*args, **kwargs)
  File "C:\Users\13171\django_news\news\views.py", line 25, in my_view
    for file_name in os.listdir(xml_dir):
FileNotFoundError: [WinError 3] 系统找不到指定的路径。: 'G:\\Desktop\\django_news\\xml_data'
Internal Server Error: /my_view_url/
Traceback (most recent call last):
  File "C:\Users\13171\anaconda3\lib\site-packages\django\core\handlers\exception.py", line 35, in inner
    response = get_response(request)
  File "C:\Users\13171\anaconda3\lib\site-packages\django\core\handlers\base.py", line 128, in _get_response
    response = self.process_exception_by_middleware(e, request)
  File "C:\Users\13171\anaconda3\lib\site-packages\django\core\handlers\base.py", line 126, in _get_response
    response = wrapped_callback(request, *callback_args, **callback_kwargs)
  File "C:\Users\13171\anaconda3\lib\site-packages\django\views\decorators\csrf.py", line 54, in wrapped_view
    return view_func(*args, **kwargs)
  File "C:\Users\13171\anaconda3\lib\site-packages\django\views\decorators\csrf.py", line 54, in wrapped_view
    return view_func(*args, **kwargs)
  File "C:\Users\13171\django_news\news\views.py", line 25, in my_view
    for file_name in os.listdir(xml_dir):
FileNotFoundError: [WinError 3] 系统找不到指定的路径。: 'G:\\Desktop\\django_news\\xml_data'
Internal Server Error: /my_view_url/
Traceback (most recent call last):
  File "C:\Users\13171\anaconda3\lib\site-packages\django\core\handlers\exception.py", line 35, in inner
    response = get_response(request)
  File "C:\Users\13171\anaconda3\lib\site-packages\django\core\handlers\base.py", line 128, in _get_response
    response = self.process_exception_by_middleware(e, request)
  File "C:\Users\13171\anaconda3\lib\site-packages\django\core\handlers\base.py", line 126, in _get_response
    response = wrapped_callback(request, *callback_args, **callback_kwargs)
  File "C:\Users\13171\anaconda3\lib\site-packages\django\views\decorators\csrf.py", line 54, in wrapped_view
    return view_func(*args, **kwargs)
  File "C:\Users\13171\anaconda3\lib\site-packages\django\views\decorators\csrf.py", line 54, in wrapped_view
    return view_func(*args, **kwargs)
  File "C:\Users\13171\django_news\news\views.py", line 25, in my_view
    for file_name in os.listdir(xml_dir):
FileNotFoundError: [WinError 3] 系统找不到指定的路径。: 'G:\\Desktop\\django_news\\xml_data'
Internal Server Error: /my_view_url/
Traceback (most recent call last):
  File "C:\Users\13171\anaconda3\lib\site-packages\django\core\handlers\exception.py", line 35, in inner
    response = get_response(request)
  File "C:\Users\13171\anaconda3\lib\site-packages\django\core\handlers\base.py", line 128, in _get_response
    response = self.process_exception_by_middleware(e, request)
  File "C:\Users\13171\anaconda3\lib\site-packages\django\core\handlers\base.py", line 126, in _get_response
    response = wrapped_callback(request, *callback_args, **callback_kwargs)
  File "C:\Users\13171\anaconda3\lib\site-packages\django\views\decorators\csrf.py", line 54, in wrapped_view
    return view_func(*args, **kwargs)
  File "C:\Users\13171\anaconda3\lib\site-packages\django\views\decorators\csrf.py", line 54, in wrapped_view
    return view_func(*args, **kwargs)
  File "C:\Users\13171\django_news\news\views.py", line 25, in my_view
    for file_name in os.listdir(xml_dir):
FileNotFoundError: [WinError 3] 系统找不到指定的路径。: 'G:\\Desktop\\django_news\\xml_data'
Internal Server Error: /my_view_url/
Traceback (most recent call last):
  File "C:\Users\13171\anaconda3\lib\site-packages\django\core\handlers\exception.py", line 35, in inner
    response = get_response(request)
  File "C:\Users\13171\anaconda3\lib\site-packages\django\core\handlers\base.py", line 128, in _get_response
    response = self.process_exception_by_middleware(e, request)
  File "C:\Users\13171\anaconda3\lib\site-packages\django\core\handlers\base.py", line 126, in _get_response
    response = wrapped_callback(request, *callback_args, **callback_kwargs)
  File "C:\Users\13171\anaconda3\lib\site-packages\django\views\decorators\csrf.py", line 54, in wrapped_view
    return view_func(*args, **kwargs)
  File "C:\Users\13171\anaconda3\lib\site-packages\django\views\decorators\csrf.py", line 54, in wrapped_view
    return view_func(*args, **kwargs)
  File "C:\Users\13171\django_news\news\views.py", line 25, in my_view
    for file_name in os.listdir(xml_dir):
FileNotFoundError: [WinError 3] 系统找不到指定的路径。: 'G:\\Desktop\\django_news\\xml_data'
Internal Server Error: /my_view_url/
Traceback (most recent call last):
  File "C:\Users\13171\anaconda3\lib\site-packages\django\core\handlers\exception.py", line 35, in inner
    response = get_response(request)
  File "C:\Users\13171\anaconda3\lib\site-packages\django\core\handlers\base.py", line 128, in _get_response
    response = self.process_exception_by_middleware(e, request)
  File "C:\Users\13171\anaconda3\lib\site-packages\django\core\handlers\base.py", line 126, in _get_response
    response = wrapped_callback(request, *callback_args, **callback_kwargs)
  File "C:\Users\13171\anaconda3\lib\site-packages\django\views\decorators\csrf.py", line 54, in wrapped_view
    return view_func(*args, **kwargs)
  File "C:\Users\13171\anaconda3\lib\site-packages\django\views\decorators\csrf.py", line 54, in wrapped_view
    return view_func(*args, **kwargs)
  File "C:\Users\13171\django_news\news\views.py", line 25, in my_view
    for file_name in os.listdir(xml_dir):
FileNotFoundError: [WinError 3] 系统找不到指定的路径。: 'G:\\Desktop\\django_news\\xml_data'
Internal Server Error: /my_view_url/
Traceback (most recent call last):
  File "C:\Users\13171\anaconda3\lib\site-packages\django\core\handlers\exception.py", line 35, in inner
    response = get_response(request)
  File "C:\Users\13171\anaconda3\lib\site-packages\django\core\handlers\base.py", line 128, in _get_response
    response = self.process_exception_by_middleware(e, request)
  File "C:\Users\13171\anaconda3\lib\site-packages\django\core\handlers\base.py", line 126, in _get_response
    response = wrapped_callback(request, *callback_args, **callback_kwargs)
  File "C:\Users\13171\anaconda3\lib\site-packages\django\views\decorators\csrf.py", line 54, in wrapped_view
    return view_func(*args, **kwargs)
  File "C:\Users\13171\anaconda3\lib\site-packages\django\views\decorators\csrf.py", line 54, in wrapped_view
    return view_func(*args, **kwargs)
  File "C:\Users\13171\django_news\news\views.py", line 25, in my_view
    for file_name in os.listdir(xml_dir):
FileNotFoundError: [WinError 3] 系统找不到指定的路径。: 'G:\\Desktop\\django_news\\xml_data'
Internal Server Error: /my_view_url/
Traceback (most recent call last):
  File "C:\Users\13171\anaconda3\lib\site-packages\django\core\handlers\exception.py", line 35, in inner
    response = get_response(request)
  File "C:\Users\13171\anaconda3\lib\site-packages\django\core\handlers\base.py", line 128, in _get_response
    response = self.process_exception_by_middleware(e, request)
  File "C:\Users\13171\anaconda3\lib\site-packages\django\core\handlers\base.py", line 126, in _get_response
    response = wrapped_callback(request, *callback_args, **callback_kwargs)
  File "C:\Users\13171\anaconda3\lib\site-packages\django\views\decorators\csrf.py", line 54, in wrapped_view
    return view_func(*args, **kwargs)
  File "C:\Users\13171\anaconda3\lib\site-packages\django\views\decorators\csrf.py", line 54, in wrapped_view
    return view_func(*args, **kwargs)
  File "C:\Users\13171\django_news\news\views.py", line 25, in my_view
    for file_name in os.listdir(xml_dir):
FileNotFoundError: [WinError 3] 系统找不到指定的路径。: 'G:\\Desktop\\django_news\\xml_data'
Internal Server Error: /my_view_url/
Traceback (most recent call last):
  File "C:\Users\13171\anaconda3\lib\site-packages\django\core\handlers\exception.py", line 35, in inner
    response = get_response(request)
  File "C:\Users\13171\anaconda3\lib\site-packages\django\core\handlers\base.py", line 128, in _get_response
    response = self.process_exception_by_middleware(e, request)
  File "C:\Users\13171\anaconda3\lib\site-packages\django\core\handlers\base.py", line 126, in _get_response
    response = wrapped_callback(request, *callback_args, **callback_kwargs)
  File "C:\Users\13171\anaconda3\lib\site-packages\django\views\decorators\csrf.py", line 54, in wrapped_view
    return view_func(*args, **kwargs)
  File "C:\Users\13171\anaconda3\lib\site-packages\django\views\decorators\csrf.py", line 54, in wrapped_view
    return view_func(*args, **kwargs)
  File "C:\Users\13171\django_news\news\views.py", line 25, in my_view
    for file_name in os.listdir(xml_dir):
FileNotFoundError: [WinError 3] 系统找不到指定的路径。: 'G:\\Desktop\\django_news\\xml_data'
Internal Server Error: /my_view_url/
Traceback (most recent call last):
  File "C:\Users\13171\anaconda3\lib\site-packages\django\core\handlers\exception.py", line 35, in inner
    response = get_response(request)
  File "C:\Users\13171\anaconda3\lib\site-packages\django\core\handlers\base.py", line 128, in _get_response
    response = self.process_exception_by_middleware(e, request)
  File "C:\Users\13171\anaconda3\lib\site-packages\django\core\handlers\base.py", line 126, in _get_response
    response = wrapped_callback(request, *callback_args, **callback_kwargs)
  File "C:\Users\13171\anaconda3\lib\site-packages\django\views\decorators\csrf.py", line 54, in wrapped_view
    return view_func(*args, **kwargs)
  File "C:\Users\13171\anaconda3\lib\site-packages\django\views\decorators\csrf.py", line 54, in wrapped_view
    return view_func(*args, **kwargs)
  File "C:\Users\13171\django_news\news\views.py", line 25, in my_view
    for file_name in os.listdir(xml_dir):
FileNotFoundError: [WinError 3] 系统找不到指定的路径。: 'G:\\Desktop\\django_news\\xml_data'
Watching for file changes with StatReloader
Not Found: /favicon.ico
Internal Server Error: /my_view_url/
Traceback (most recent call last):
  File "C:\Users\78381\anaconda3\envs\dachuang\lib\site-packages\django\core\handlers\exception.py", line 47, in inner
    response = get_response(request)
  File "C:\Users\78381\anaconda3\envs\dachuang\lib\site-packages\django\core\handlers\base.py", line 181, in _get_response
    response = wrapped_callback(request, *callback_args, **callback_kwargs)
  File "C:\Users\78381\anaconda3\envs\dachuang\lib\site-packages\django\views\decorators\csrf.py", line 54, in wrapped_view
    return view_func(*args, **kwargs)
  File "C:\Users\78381\anaconda3\envs\dachuang\lib\site-packages\django\views\decorators\csrf.py", line 54, in wrapped_view
    return view_func(*args, **kwargs)
  File "D:\django_news\news\views.py", line 25, in my_view
    for file_name in os.listdir(xml_dir):
FileNotFoundError: [WinError 3] 系统找不到指定的路径。: 'C:\\Users\\13171\\django_news\\xml_data'
Internal Server Error: /my_view_url/
Traceback (most recent call last):
  File "C:\Users\78381\anaconda3\envs\dachuang\lib\site-packages\django\core\handlers\exception.py", line 47, in inner
    response = get_response(request)
  File "C:\Users\78381\anaconda3\envs\dachuang\lib\site-packages\django\core\handlers\base.py", line 181, in _get_response
    response = wrapped_callback(request, *callback_args, **callback_kwargs)
  File "C:\Users\78381\anaconda3\envs\dachuang\lib\site-packages\django\views\decorators\csrf.py", line 54, in wrapped_view
    return view_func(*args, **kwargs)
  File "C:\Users\78381\anaconda3\envs\dachuang\lib\site-packages\django\views\decorators\csrf.py", line 54, in wrapped_view
    return view_func(*args, **kwargs)
  File "D:\django_news\news\views.py", line 25, in my_view
    for file_name in os.listdir(xml_dir):
FileNotFoundError: [WinError 3] 系统找不到指定的路径。: 'C:\\Users\\13171\\django_news\\xml_data'
D:\django_news\news\views.py changed, reloading.
Using proactor: IocpProactor
Watching for file changes with StatReloader
Using proactor: IocpProactor
